<?xml version="1.0" encoding="UTF-8"?>
<!-- Generated by org.testng.reporters.JUnitReportReporter -->
<testsuite hostname="CSCO-W-PF2S4P96" failures="0" tests="1" name="com.test.RA.TestLogIn" time="7.524" errors="0" timestamp="2023-02-15T20:03:39 IST" skipped="0">
  <testcase classname="com.test.RA.TestLogIn" name="TestLogin" time="7.524"/>
  <system-out/>
</testsuite> <!-- com.test.RA.TestLogIn -->
